build/app/intermediates/manifest_merge_blame_file/debug/manifest-merger-blame-debug-report.txt
1<?xml version="1.0" encoding="utf-8"?>
2<manifest xmlns:android="http://schemas.android.com/apk/res/android"
3    package="com.example.flutter_application_1"
4    android:versionCode="1"
5    android:versionName="1.0.0" >
6
7    <uses-sdk
8        android:minSdkVersion="19"
9        android:targetSdkVersion="33" />
10    <!--
11         The INTERNET permission is required for development. Specifically,
12         the Flutter tool needs it to communicate with the running application
13         to allow setting breakpoints, to provide hot reload, etc.
14    -->
15    <uses-permission android:name="android.permission.INTERNET" />
15-->src\main\AndroidManifest.xml:5:5-67
15-->src\main\AndroidManifest.xml:5:22-64
16    <uses-permission android:name="android.permission.ACCESS_FINE_LOCATION" />
16-->src\main\AndroidManifest.xml:3:5-79
16-->src\main\AndroidManifest.xml:3:22-76
17    <uses-permission android:name="android.permission.ACCESS_COARSE_LOCATION" />
17-->src\main\AndroidManifest.xml:4:5-81
17-->src\main\AndroidManifest.xml:4:22-78
18    <uses-permission android:name="android.permission.ACCESS_NETWORK_STATE" />
18-->src\main\AndroidManifest.xml:6:5-79
18-->src\main\AndroidManifest.xml:6:22-76
19    <!--
20 Required to query activities that can process text, see:
21         https://developer.android.com/training/package-visibility?hl=en and
22         https://developer.android.com/reference/android/content/Intent#ACTION_PROCESS_TEXT.
23
24         In particular, this is used by the Flutter engine in io.flutter.plugin.text.ProcessTextPlugin.
25    -->
26    <queries>
26-->src\main\AndroidManifest.xml:44:5-49:15
27        <intent>
27-->src\main\AndroidManifest.xml:45:9-48:18
28            <action android:name="android.intent.action.PROCESS_TEXT" />
28-->src\main\AndroidManifest.xml:46:13-72
28-->src\main\AndroidManifest.xml:46:21-70
29
30            <data android:mimeType="text/plain" />
30-->src\main\AndroidManifest.xml:47:13-50
30-->src\main\AndroidManifest.xml:47:19-48
31        </intent>
32    </queries>
33
34    <permission
34-->[androidx.core:core:1.9.0] AndroidManifest.xml:22:5-24:47
35        android:name="com.example.flutter_application_1.DYNAMIC_RECEIVER_NOT_EXPORTED_PERMISSION"
35-->[androidx.core:core:1.9.0] AndroidManifest.xml:23:9-81
36        android:protectionLevel="signature" />
36-->[androidx.core:core:1.9.0] AndroidManifest.xml:24:9-44
37
38    <uses-permission android:name="com.example.flutter_application_1.DYNAMIC_RECEIVER_NOT_EXPORTED_PERMISSION" />
38-->[androidx.core:core:1.9.0] AndroidManifest.xml:26:5-97
38-->[androidx.core:core:1.9.0] AndroidManifest.xml:26:22-94
39
40    <application
41        android:name="android.app.Application"
42        android:appComponentFactory="androidx.core.app.CoreComponentFactory"
42-->[androidx.core:core:1.9.0] AndroidManifest.xml:28:18-86
43        android:debuggable="true"
44        android:icon="@mipmap/ic_launcher"
45        android:label="test_app" >
46        <activity
47            android:name="com.example.flutter_application_1.MainActivity"
48            android:configChanges="orientation|keyboardHidden|keyboard|screenSize|smallestScreenSize|locale|layoutDirection|fontScale|screenLayout|density|uiMode"
49            android:exported="true"
50            android:hardwareAccelerated="true"
51            android:launchMode="singleTop"
52            android:theme="@style/LaunchTheme"
53            android:windowSoftInputMode="adjustResize" >
54
55            <!--
56                 Specifies an Android theme to apply to this Activity as soon as
57                 the Android process has started. This theme is visible to the user
58                 while the Flutter UI initializes. After that, this theme continues
59                 to determine the Window background behind the Flutter UI.
60            -->
61            <meta-data
62                android:name="io.flutter.embedding.android.NormalTheme"
63                android:resource="@style/NormalTheme" />
64
65            <intent-filter>
66                <action android:name="android.intent.action.MAIN" />
67
68                <category android:name="android.intent.category.LAUNCHER" />
69            </intent-filter>
70        </activity>
71        <!--
72             Don't delete the meta-data below.
73             This is used by the Flutter tool to generate GeneratedPluginRegistrant.java
74        -->
75        <meta-data
76            android:name="flutterEmbedding"
77            android:value="2" />
78
79        <service
79-->[:geolocator_android] AndroidManifest.xml:10:9-14:56
80            android:name="com.baseflow.geolocator.GeolocatorLocationService"
80-->[:geolocator_android] AndroidManifest.xml:11:13-77
81            android:enabled="true"
81-->[:geolocator_android] AndroidManifest.xml:12:13-35
82            android:exported="false"
82-->[:geolocator_android] AndroidManifest.xml:13:13-37
83            android:foregroundServiceType="location" />
83-->[:geolocator_android] AndroidManifest.xml:14:13-53
84
85        <uses-library
85-->[androidx.window:window:1.0.0-beta04] AndroidManifest.xml:25:9-27:40
86            android:name="androidx.window.extensions"
86-->[androidx.window:window:1.0.0-beta04] AndroidManifest.xml:26:13-54
87            android:required="false" />
87-->[androidx.window:window:1.0.0-beta04] AndroidManifest.xml:27:13-37
88        <uses-library
88-->[androidx.window:window:1.0.0-beta04] AndroidManifest.xml:28:9-30:40
89            android:name="androidx.window.sidecar"
89-->[androidx.window:window:1.0.0-beta04] AndroidManifest.xml:29:13-51
90            android:required="false" />
90-->[androidx.window:window:1.0.0-beta04] AndroidManifest.xml:30:13-37
91
92        <activity
92-->[com.google.android.gms:play-services-base:18.1.0] AndroidManifest.xml:20:9-22:45
93            android:name="com.google.android.gms.common.api.GoogleApiActivity"
93-->[com.google.android.gms:play-services-base:18.1.0] AndroidManifest.xml:20:19-85
94            android:exported="false"
94-->[com.google.android.gms:play-services-base:18.1.0] AndroidManifest.xml:22:19-43
95            android:theme="@android:style/Theme.Translucent.NoTitleBar" />
95-->[com.google.android.gms:play-services-base:18.1.0] AndroidManifest.xml:21:19-78
96
97        <meta-data
97-->[com.google.android.gms:play-services-basement:18.1.0] AndroidManifest.xml:21:9-23:69
98            android:name="com.google.android.gms.version"
98-->[com.google.android.gms:play-services-basement:18.1.0] AndroidManifest.xml:22:13-58
99            android:value="@integer/google_play_services_version" />
99-->[com.google.android.gms:play-services-basement:18.1.0] AndroidManifest.xml:23:13-66
100    </application>
101
102</manifest>